<?xml version="1.0" encoding="UTF-8"?>
<testng-results ignored="0" total="4" passed="4" failed="0" skipped="0">
  <reporter-output>
  </reporter-output>
  <suite started-at="2025-08-08T13:11:13 IST" name="Suite" finished-at="2025-08-08T13:11:20 IST" duration-ms="7372">
    <groups>
    </groups>
    <test started-at="2025-08-08T13:11:13 IST" name="Test" finished-at="2025-08-08T13:11:20 IST" duration-ms="7372">
      <class name="com.ninza.hrm.api.employetest.EmployeeWithoutEmailTest">
        <test-method signature="addEmployeWithoutMailTest()[pri:0, instance:com.ninza.hrm.api.employetest.EmployeeWithoutEmailTest@3feb2dda]" started-at="2025-08-08T13:11:19 IST" name="addEmployeWithoutMailTest" finished-at="2025-08-08T13:11:20 IST" duration-ms="1270" status="PASS">
          <reporter-output>
          </reporter-output>
        </test-method> <!-- addEmployeWithoutMailTest -->
      </class> <!-- com.ninza.hrm.api.employetest.EmployeeWithoutEmailTest -->
      <class name="com.ninza.hrm.api.employetest.EmployeeTest">
        <test-method is-config="true" signature="configBS()[pri:0, instance:com.ninza.hrm.api.employetest.EmployeeTest@4b8d604b]" started-at="2025-08-08T13:11:11 IST" name="configBS" finished-at="2025-08-08T13:11:13 IST" duration-ms="1777" status="PASS">
          <reporter-output>
          </reporter-output>
        </test-method> <!-- configBS -->
        <test-method signature="addEmploye()[pri:0, instance:com.ninza.hrm.api.employetest.EmployeeTest@4b8d604b]" started-at="2025-08-08T13:11:13 IST" name="addEmploye" finished-at="2025-08-08T13:11:16 IST" duration-ms="3577" status="PASS">
          <reporter-output>
          </reporter-output>
        </test-method> <!-- addEmploye -->
        <test-method is-config="true" signature="configAS()[pri:0, instance:com.ninza.hrm.api.employetest.EmployeeTest@4b8d604b]" started-at="2025-08-08T13:11:20 IST" name="configAS" finished-at="2025-08-08T13:11:20 IST" duration-ms="12" status="PASS">
          <reporter-output>
          </reporter-output>
        </test-method> <!-- configAS -->
      </class> <!-- com.ninza.hrm.api.employetest.EmployeeTest -->
      <class name="com.ninza.hrm.api.projecttest.ProjectTest">
        <test-method signature="addSingleProjectWithCreatedTest()[pri:0, instance:com.ninza.hrm.api.projecttest.ProjectTest@6e2829c7]" started-at="2025-08-08T13:11:16 IST" name="addSingleProjectWithCreatedTest" finished-at="2025-08-08T13:11:19 IST" duration-ms="2284" status="PASS">
          <reporter-output>
          </reporter-output>
        </test-method> <!-- addSingleProjectWithCreatedTest -->
        <test-method signature="createDuplicateProjectTest()[pri:0, instance:com.ninza.hrm.api.projecttest.ProjectTest@6e2829c7]" started-at="2025-08-08T13:11:19 IST" name="createDuplicateProjectTest" finished-at="2025-08-08T13:11:19 IST" depends-on-methods="com.ninza.hrm.api.projecttest.ProjectTest.addSingleProjectWithCreatedTest" duration-ms="132" status="PASS">
          <reporter-output>
          </reporter-output>
        </test-method> <!-- createDuplicateProjectTest -->
      </class> <!-- com.ninza.hrm.api.projecttest.ProjectTest -->
    </test> <!-- Test -->
  </suite> <!-- Suite -->
</testng-results>
