<?xml version="1.0" encoding="UTF-8"?>
<testng-results ignored="0" total="1" passed="1" failed="0" skipped="0">
  <reporter-output>
  </reporter-output>
  <suite started-at="2025-08-12T12:54:36 IST" name="Default suite" finished-at="2025-08-12T12:54:41 IST" duration-ms="4931">
    <groups>
    </groups>
    <test started-at="2025-08-12T12:54:36 IST" name="Default test" finished-at="2025-08-12T12:54:41 IST" duration-ms="4931">
      <class name="authTest.BearerTokenTest">
        <test-method signature="sampleTest()[pri:0, instance:authTest.BearerTokenTest@273444fe]" started-at="2025-08-12T12:54:36 IST" name="sampleTest" finished-at="2025-08-12T12:54:41 IST" duration-ms="4834" status="PASS">
          <reporter-output>
          </reporter-output>
        </test-method> <!-- sampleTest -->
      </class> <!-- authTest.BearerTokenTest -->
    </test> <!-- Default test -->
  </suite> <!-- Default suite -->
</testng-results>
